     1                                  
     2                                  ; a*(b+c)+34
     3                                  
     4                                  bits 32
     5                                  
     6                                  global start
     7                                  
     8                                  extern exit
     9                                  import exit msvcrt.dll
    10                                  
    11                                  segment data use32 class=data
    12 00000000 0700                        a dw 7
    13 00000002 0300                        b dw 3
    14 00000004 0500                        c dw 5
    15                                  
    16                                  segment code use32 class=code
    17                                      start:
    18 00000000 31C0                            xor eax, eax ; eax=0
    19 00000002 31DB                            xor ebx, ebx ; ebx=0
    20 00000004 66A1[00000000]                  mov ax, [a]  ; ax=a
    21 0000000A 668B1D[02000000]                mov bx, [b]  ; bx=b
    22 00000011 66031D[04000000]                add bx, [c]  ; bx=b+c
    23 00000018 66F7E3                          mul word bx  ; eax=a*(b+c)
    24 0000001B 83C022                          add eax, 34  ; eax=a*(b+c)+34
    25                                          
    26 0000001E 6A00                            push    dword 0
    27 00000020 FF15[00000000]                  call    [exit]
