     1                                  
     2                                  ;   10/4
     3                                  
     4                                  bits 32
     5                                  
     6                                  global start
     7                                  
     8                                  extern exit
     9                                  import exit msvcrt.dll
    10                                  
    11                                  segment data use32 class=data
    12 00000000 0A                          a db 10
    13 00000001 04                          b db 4
    14                                  
    15                                  segment code use32 class=code
    16                                      start:
    17 00000000 31C0                            xor eax, eax ; eax=0
    18 00000002 A0[00000000]                    mov al, [a]  ; al=10
    19 00000007 F635[01000000]                  div byte [b]  ; al=10/4
    20                                      
    21 0000000D 6A00                            push    dword 0
    22 0000000F FF15[00000000]                  call    [exit]
