     1                                  bits 64
     2                                  
     3                                  global start
     4                                  
     5                                  extern exit, fopen, fclose, fscanf, printf, fgets
     6                                  import exit msvcrt.dll
     7                                  import fopen msvcrt.dll
     8                                  import fclose msvcrt.dll
     9                                  import fscanf msvcrt.dll
    10                                  import fgets msvcrt.dll
    11                                  import printf msvcrt.dll
    12                                  
    13                                  segment data use32 class=data
    14 00000000 73656564732E747874-         file_name db "seeds.txt", 0
    14 00000009 00                 
    15 0000000A 7200                        access_mode db "r", 0
    16 0000000C 0000000000000000            file_descriptor dq 0
    17 00000014 256400                      read_format db "%d", 0
    18 00000017 0000000000000000            current_seed dq 0
    19 0000001F FFFFFFFFFFFFFFFF            max dq -1
    20 00000027 0000000000000000            min dq 0
    21 0000002F 4D696E3A2025782C20-         print_format db "Min: %x, Max: %x", 0
    21 00000038 4D61783A20257800   
    22                                      
    23 00000040 257300                      test_format db "%s", 0
    24 00000043 77777700                    test_message db "www", 0
    25                                      
    26                                  segment code use32 class=code
    27                                      start:
    28                                          
    29 00000000 68[0A000000]                    push qword access_mode
    30 00000005 68[00000000]                    push qword file_name
    31 0000000A FF1425[00000000]                call [fopen]
    32 00000011 4883C408                        add rsp, 4*2
    33 00000015 890425[0C000000]                mov [file_descriptor], eax
    34                                          
    35                                          next_seed:
    36                                          
    37 0000001C 68[17000000]                    push qword current_seed
    38 00000021 68[14000000]                    push qword read_format
    39 00000026 FF3425[0C000000]                push qword [file_descriptor]
    40 0000002D FF1425[00000000]                call [fscanf]
    41 00000034 4883C40C                        add rsp, 4*3
    42 00000038 68[43000000]                    push qword test_message
    43 0000003D 68[40000000]                    push qword test_format
    44 00000042 FF1425[00000000]                call [printf]
    45 00000049 83C408                          add esp, 4*2
    46                                          
    47 0000004C 488B0425[17000000]              mov rax, [current_seed]
    48 00000054 4883F800                        cmp rax, 0
    49 00000058 7426                            je finish
    50                                          
    51 0000005A 68[43000000]                    push qword test_message
    52 0000005F 68[40000000]                    push qword test_format
    53 00000064 FF1425[00000000]                call [printf]
    54 0000006B 83C408                          add esp, 4*2
    55                                          
    56 0000006E 48210425[27000000]              and [min], rax
    57 00000076 48090425[1F000000]              or [max], rax
    58                                          
    59 0000007E EB9C                            jmp next_seed
    60                                          
    61                                          finish:
    62 00000080 FF3425[1F000000]                push qword [max]
    63 00000087 FF3425[27000000]                push qword [min]
    64 0000008E 68[2F000000]                    push qword print_format
    65 00000093 FF1425[00000000]                call [printf]
    66 0000009A 4883C414                        add rsp, 4*5
    67                                          
    68 0000009E FF3425[0C000000]                push qword [file_descriptor]
    69 000000A5 FF1425[00000000]                call [fclose]
    70 000000AC 4883C404                        add rsp, 4
    71                                          
    72 000000B0 6A00                            push    dword 0
    73 000000B2 FF1425[00000000]                call    [exit]
